Removed Parameter BOM名称:5P接插件 from Part JP2
Removed Parameter BOM名称:5P接插件 from Part JP3
Removed Parameter BOM名称:20P接插件 from Part JP1
Removed Parameter BOM名称:20P接插件 from Part JP4
Removed Parameter Built_By:EMA_UL_Team from Part U2
Removed Parameter Copyright:Copyright (C) 2018 Accelerated Designs. All rights reserved from Part U2
Removed Parameter Manufacturer_Part_Number:STM32WB55RGV6 from Part U2
Removed Parameter RefDes:RefDes from Part U2
Removed Parameter SourceLibrary:Updates_to_database_2020-10-19 from Part U2
Removed Parameter Type:DEV from Part U2
Removed Parameter Vendor:STMicroelectronics from Part U2
Removed Parameter 学习资源:www.ooocke.com from Part JP1
Removed Parameter 学习资源:www.ooocke.com from Part JP2
Removed Parameter 学习资源:www.ooocke.com from Part JP3
Removed Parameter 学习资源:www.ooocke.com from Part JP4
Removed Parameter 版权归属:源创客 from Part JP1
Removed Parameter 版权归属:源创客 from Part JP2
Removed Parameter 版权归属:源创客 from Part JP3
Removed Parameter 版权归属:源创客 from Part JP4
Added Parameter 主类型= to Part JP1
Added Parameter 主类型= to Part JP2
Added Parameter 主类型= to Part JP3
Added Parameter 主类型= to Part JP4
Added Parameter 主类型= to Part U2
Added Parameter 值/型号= to Part JP1
Added Parameter 值/型号= to Part JP2
Added Parameter 值/型号= to Part JP3
Added Parameter 值/型号= to Part JP4
Added Parameter 值/型号= to Part U2
Added Parameter 值精度= to Part JP1
Added Parameter 值精度= to Part JP2
Added Parameter 值精度= to Part JP3
Added Parameter 值精度= to Part JP4
Added Parameter 值精度= to Part U2
Added Parameter 元件封装= to Part JP1
Added Parameter 元件封装= to Part JP2
Added Parameter 元件封装= to Part JP3
Added Parameter 元件封装= to Part JP4
Added Parameter 元件封装= to Part U2
Added Parameter 具体类型= to Part JP1
Added Parameter 具体类型= to Part JP2
Added Parameter 具体类型= to Part JP3
Added Parameter 具体类型= to Part JP4
Added Parameter 具体类型= to Part U2
Added Parameter 封装类型= to Part JP1
Added Parameter 封装类型= to Part JP2
Added Parameter 封装类型= to Part JP3
Added Parameter 封装类型= to Part JP4
Added Parameter 封装类型= to Part U2
Added Parameter 温度漂移= to Part JP1
Added Parameter 温度漂移= to Part JP2
Added Parameter 温度漂移= to Part JP3
Added Parameter 温度漂移= to Part JP4
Added Parameter 温度漂移= to Part U2
Added Parameter 温度范围= to Part JP1
Added Parameter 温度范围= to Part JP2
Added Parameter 温度范围= to Part JP3
Added Parameter 温度范围= to Part JP4
Added Parameter 温度范围= to Part U2
Added Parameter 生产商= to Part JP1
Added Parameter 生产商= to Part JP2
Added Parameter 生产商= to Part JP3
Added Parameter 生产商= to Part JP4
Added Parameter 生产商= to Part U2
Added Parameter 生产商零件编码= to Part JP1
Added Parameter 生产商零件编码= to Part JP2
Added Parameter 生产商零件编码= to Part JP3
Added Parameter 生产商零件编码= to Part JP4
Added Parameter 生产商零件编码= to Part U2
Added Parameter 立创编号= to Part JP1
Added Parameter 立创编号= to Part JP2
Added Parameter 立创编号= to Part JP3
Added Parameter 立创编号= to Part JP4
Added Parameter 立创编号= to Part U2
Added Parameter 类型备注= to Part JP1
Added Parameter 类型备注= to Part JP2
Added Parameter 类型备注= to Part JP3
Added Parameter 类型备注= to Part JP4
Added Parameter 类型备注= to Part U2
