Added Pin To Net: NetName=3V3 Pin=JP1-1
Added Pin To Net: NetName=3V3 Pin=JP1-2
Added Pin To Net: NetName=3V3 Pin=JP1-3
Added Pin To Net: NetName=GND Pin=JP1-4
Added Pin To Net: NetName=GND Pin=JP1-5
Added Pin To Net: NetName=GPIO_PB7 Pin=JP1-6
Added Pin To Net: NetName=GPIO_PB6 Pin=JP1-7
Added Pin To Net: NetName=GPIO_PB5 Pin=JP1-8
Added Pin To Net: NetName=GPIO_PB4 Pin=JP1-9
Added Pin To Net: NetName=GPIO_PB3 Pin=JP1-10
Added Pin To Net: NetName=GPIO_PD1 Pin=JP1-11
Added Pin To Net: NetName=GPIO_PD0 Pin=JP1-12
Added Pin To Net: NetName=MCU-NRST Pin=JP1-13
Added Pin To Net: NetName=GPIO_PC6 Pin=JP1-14
Added Pin To Net: NetName=GPIO_PA10 Pin=JP1-15
Added Pin To Net: NetName=GPIO_PB14 Pin=JP1-16
Added Pin To Net: NetName=GPIO_PB15 Pin=JP1-17
Added Pin To Net: NetName=GPIO_PB12 Pin=JP1-18
Added Pin To Net: NetName=GPIO_PB13 Pin=JP1-19
Added Pin To Net: NetName=GPIO_PB0 Pin=JP1-20
Added Pin To Net: NetName=GPIO_PE0 Pin=JP2-1
Added Pin To Net: NetName=GPIO_PB1 Pin=JP2-2
Added Pin To Net: NetName=GND Pin=JP2-3
Added Pin To Net: NetName=GND Pin=JP2-4
Added Pin To Net: NetName=GND Pin=JP2-5
Added Pin To Net: NetName=GPIO_PA1 Pin=JP3-1
Added Pin To Net: NetName=GPIO_PA2 Pin=JP3-2
Added Pin To Net: NetName=GPIO_PA5 Pin=JP3-3
Added Pin To Net: NetName=GND Pin=JP3-4
Added Pin To Net: NetName=GND Pin=JP3-5
Added Pin To Net: NetName=5V Pin=JP4-1
Added Pin To Net: NetName=5V Pin=JP4-2
Added Pin To Net: NetName=5V Pin=JP4-3
Added Pin To Net: NetName=GPIO_PC0 Pin=JP4-4
Added Pin To Net: NetName=GPIO_PC1 Pin=JP4-5
Added Pin To Net: NetName=GPIO_PC11 Pin=JP4-6
Added Pin To Net: NetName=GPIO_PC12 Pin=JP4-7
Added Pin To Net: NetName=GPIO_PA15 Pin=JP4-8
Added Pin To Net: NetName=GPIO_PC10 Pin=JP4-9
Added Pin To Net: NetName=GPIO_PC13 Pin=JP4-10
Added Pin To Net: NetName=GPIO_PC2 Pin=JP4-11
Added Pin To Net: NetName=GPIO_PC3 Pin=JP4-12
Added Pin To Net: NetName=GPIO_PA4 Pin=JP4-13
Added Pin To Net: NetName=GPIO_PA3 Pin=JP4-14
Added Pin To Net: NetName=GPIO_PA8 Pin=JP4-15
Added Pin To Net: NetName=GPIO_PA9 Pin=JP4-16
Added Pin To Net: NetName=GPIO_PC4 Pin=JP4-17
Added Pin To Net: NetName=GPIO_PC5 Pin=JP4-18
Added Pin To Net: NetName=GPIO_PB2 Pin=JP4-19
Added Pin To Net: NetName=GPIO_PA0 Pin=JP4-20
