Removed Pin From Net: NetName=ST_RX Pin=R8-1
Removed Pin From Net: NetName=GPIO_PC5 Pin=R9-1
Removed Pin From Net: NetName=NetLED1_2 Pin=R9-2
Removed Pin From Net: NetName=GPIO_PC4 Pin=R10-1
Removed Pin From Net: NetName=NetLED2_2 Pin=R10-2
Removed Pin From Net: NetName=GND Pin=U1-17
Removed Pin From Net: NetName=ST_RX Pin=U4-30
Change Component Comment : Designator=L6 Old Comment=0 New Comment=0 NOT
Change Component Comment : Designator=R2 Old Comment=0 New Comment=0 NOT
Change Component Comment : Designator=R9 Old Comment=15K New Comment=910
Change Component Comment : Designator=R27 Old Comment=15K New Comment=910
Change Component Designator: OldDesignator=R9 NewDesignator=R10
Change Component Designator: OldDesignator=R10 NewDesignator=R9
Change Component Description : Designator=L3 Old Description=0805 New Description=74479777310A
Change Component Description : Designator=L6 Old Description=LQG15HS2N7S02 New Description=
Change component parameters: Designator = "L6" ("L6"); Footprint = "L 0402"; UniqueID = "\TCENQYHT\NHHIBGKO" ("\TCENQYHT\NHHIBGKO")
Change component parameters (AddParameter): Name = "主类型"; Value = "电感"; VariantName = "[No Variations]"
Change component parameters (AddParameter): Name = "值/型号"; Value = ""; VariantName = "[No Variations]"
Change component parameters (AddParameter): Name = "值精度"; Value = ""; VariantName = "[No Variations]"
Change component parameters (AddParameter): Name = "元件封装"; Value = "4020"; VariantName = "[No Variations]"
Change component parameters (AddParameter): Name = "具体类型"; Value = "功率电感"; VariantName = "[No Variations]"
Change component parameters (AddParameter): Name = "封装类型"; Value = "贴片"; VariantName = "[No Variations]"
Change component parameters (AddParameter): Name = "温度漂移"; Value = ""; VariantName = "[No Variations]"
Change component parameters (AddParameter): Name = "温度范围"; Value = "-40-125"; VariantName = "[No Variations]"
Change component parameters (AddParameter): Name = "生产商"; Value = "Coilcraft"; VariantName = "[No Variations]"
Change component parameters (AddParameter): Name = "生产商零件编码"; Value = "XFL4020-222MEB"; VariantName = "[No Variations]"
Change component parameters (AddParameter): Name = "立创编号"; Value = "https://detail.tmall.com/item.htm?spm=a230r.1.14.16.717a6f292tX0SR&id=619184428761&ns=1&abbucket=12"; VariantName = "[No Variations]"
Change component parameters (AddParameter): Name = "类型备注"; Value = "淘宝采购"; VariantName = "[No Variations]"
Change component parameters: Designator = "U1" ("U1"); Footprint = "QFN16"; UniqueID = "\KFHVQNUD\DHALOXUU" ("\KFHVQNUD\DHALOXUU")
Change component parameters (AddParameter): Name = "主类型"; Value = "线性稳压器"; VariantName = "[No Variations]"
Change component parameters (AddParameter): Name = "值/型号"; Value = "TPS62133RGTR"; VariantName = "[No Variations]"
Change component parameters (AddParameter): Name = "值精度"; Value = ""; VariantName = "[No Variations]"
Change component parameters (AddParameter): Name = "元件封装"; Value = " VQFN-16"; VariantName = "[No Variations]"
Change component parameters (AddParameter): Name = "具体类型"; Value = "LDO"; VariantName = "[No Variations]"
Change component parameters (AddParameter): Name = "封装类型"; Value = "贴片"; VariantName = "[No Variations]"
Change component parameters (AddParameter): Name = "温度漂移"; Value = ""; VariantName = "[No Variations]"
Change component parameters (AddParameter): Name = "温度范围"; Value = "-40-85"; VariantName = "[No Variations]"
Change component parameters (AddParameter): Name = "生产商"; Value = "TI(德州仪器)"; VariantName = "[No Variations]"
Change component parameters (AddParameter): Name = "生产商零件编码"; Value = "TPS62133RGTR"; VariantName = "[No Variations]"
Change component parameters (AddParameter): Name = "立创编号"; Value = "C73973"; VariantName = "[No Variations]"
Change component parameters (AddParameter): Name = "类型备注"; Value = ""; VariantName = "[No Variations]"
Change component parameters: Designator = "R5" ("R5"); Footprint = "R 0402_L"; UniqueID = "\YCHZNJXN\UAETWVPY" ("\YCHZNJXN\UAETWVPY")
Change component parameters (AddParameter): Name = "主类型"; Value = "电阻"; VariantName = "[No Variations]"
Change component parameters (AddParameter): Name = "值/型号"; Value = "10K"; VariantName = "[No Variations]"
Change component parameters (AddParameter): Name = "值精度"; Value = "±1%"; VariantName = "[No Variations]"
Change component parameters (AddParameter): Name = "元件封装"; Value = "0402"; VariantName = "[No Variations]"
Change component parameters (AddParameter): Name = "具体类型"; Value = "贴片电阻"; VariantName = "[No Variations]"
Change component parameters (AddParameter): Name = "封装类型"; Value = "贴片"; VariantName = "[No Variations]"
Change component parameters (AddParameter): Name = "温度漂移"; Value = "±100ppm/℃"; VariantName = "[No Variations]"
Change component parameters (AddParameter): Name = "温度范围"; Value = ""; VariantName = "[No Variations]"
Change component parameters (AddParameter): Name = "生产商"; Value = "国巨"; VariantName = "[No Variations]"
Change component parameters (AddParameter): Name = "生产商零件编码"; Value = "RC0402FR-0710KL"; VariantName = "[No Variations]"
Change component parameters (AddParameter): Name = "立创编号"; Value = "C60490"; VariantName = "[No Variations]"
Change component parameters (AddParameter): Name = "类型备注"; Value = ""; VariantName = "[No Variations]"
Change component parameters: Designator = "R6" ("R6"); Footprint = "R 0402_L"; UniqueID = "\YCHZNJXN\KTPTVODQ" ("\YCHZNJXN\KTPTVODQ")
Change component parameters (AddParameter): Name = "主类型"; Value = "电阻"; VariantName = "[No Variations]"
Change component parameters (AddParameter): Name = "值/型号"; Value = "22"; VariantName = "[No Variations]"
Change component parameters (AddParameter): Name = "值精度"; Value = "±1%"; VariantName = "[No Variations]"
Change component parameters (AddParameter): Name = "元件封装"; Value = "0402"; VariantName = "[No Variations]"
Change component parameters (AddParameter): Name = "具体类型"; Value = "贴片电阻"; VariantName = "[No Variations]"
Change component parameters (AddParameter): Name = "封装类型"; Value = "贴片"; VariantName = "[No Variations]"
Change component parameters (AddParameter): Name = "温度漂移"; Value = "±100ppm/℃"; VariantName = "[No Variations]"
Change component parameters (AddParameter): Name = "温度范围"; Value = ""; VariantName = "[No Variations]"
Change component parameters (AddParameter): Name = "生产商"; Value = "国巨"; VariantName = "[No Variations]"
Change component parameters (AddParameter): Name = "生产商零件编码"; Value = "RC0402FR-0722RL"; VariantName = "[No Variations]"
Change component parameters (AddParameter): Name = "立创编号"; Value = "C114765"; VariantName = "[No Variations]"
Change component parameters (AddParameter): Name = "类型备注"; Value = ""; VariantName = "[No Variations]"
Change component parameters: Designator = "R11" ("R11"); Footprint = "R 0402_L"; UniqueID = "\YCHZNJXN\WJRLIBXK" ("\YCHZNJXN\WJRLIBXK")
Change component parameters (AddParameter): Name = "主类型"; Value = "电阻"; VariantName = "[No Variations]"
Change component parameters (AddParameter): Name = "值/型号"; Value = "22"; VariantName = "[No Variations]"
Change component parameters (AddParameter): Name = "值精度"; Value = "±1%"; VariantName = "[No Variations]"
Change component parameters (AddParameter): Name = "元件封装"; Value = "0402"; VariantName = "[No Variations]"
Change component parameters (AddParameter): Name = "具体类型"; Value = "贴片电阻"; VariantName = "[No Variations]"
Change component parameters (AddParameter): Name = "封装类型"; Value = "贴片"; VariantName = "[No Variations]"
Change component parameters (AddParameter): Name = "温度漂移"; Value = "50ppm"; VariantName = "[No Variations]"
Change component parameters (AddParameter): Name = "温度范围"; Value = ""; VariantName = "[No Variations]"
Change component parameters (AddParameter): Name = "生产商"; Value = "国巨"; VariantName = "[No Variations]"
Change component parameters (AddParameter): Name = "生产商零件编码"; Value = "RC0402FR-0722RL"; VariantName = "[No Variations]"
Change component parameters (AddParameter): Name = "立创编号"; Value = "C114765"; VariantName = "[No Variations]"
Change component parameters (AddParameter): Name = "类型备注"; Value = ""; VariantName = "[No Variations]"
Change component parameters: Designator = "R12" ("R12"); Footprint = "R 0402_L"; UniqueID = "\YCHZNJXN\JEONGION" ("\YCHZNJXN\JEONGION")
Change component parameters (AddParameter): Name = "主类型"; Value = "电阻"; VariantName = "[No Variations]"
Change component parameters (AddParameter): Name = "值/型号"; Value = "22"; VariantName = "[No Variations]"
Change component parameters (AddParameter): Name = "值精度"; Value = "±1%"; VariantName = "[No Variations]"
Change component parameters (AddParameter): Name = "元件封装"; Value = "0402"; VariantName = "[No Variations]"
Change component parameters (AddParameter): Name = "具体类型"; Value = "贴片电阻"; VariantName = "[No Variations]"
Change component parameters (AddParameter): Name = "封装类型"; Value = "贴片"; VariantName = "[No Variations]"
Change component parameters (AddParameter): Name = "温度漂移"; Value = "50ppm"; VariantName = "[No Variations]"
Change component parameters (AddParameter): Name = "温度范围"; Value = ""; VariantName = "[No Variations]"
Change component parameters (AddParameter): Name = "生产商"; Value = "国巨"; VariantName = "[No Variations]"
Change component parameters (AddParameter): Name = "生产商零件编码"; Value = "RC0402FR-0722RL"; VariantName = "[No Variations]"
Change component parameters (AddParameter): Name = "立创编号"; Value = "C114765"; VariantName = "[No Variations]"
Change component parameters (AddParameter): Name = "类型备注"; Value = ""; VariantName = "[No Variations]"
Change component parameters: Designator = "R16" ("R16"); Footprint = "R 0402_L"; UniqueID = "\YCHZNJXN\SNUYZOZZ" ("\YCHZNJXN\SNUYZOZZ")
Change component parameters (AddParameter): Name = "主类型"; Value = "电阻"; VariantName = "[No Variations]"
Change component parameters (AddParameter): Name = "值/型号"; Value = "5.1K"; VariantName = "[No Variations]"
Change component parameters (AddParameter): Name = "值精度"; Value = "±1%"; VariantName = "[No Variations]"
Change component parameters (AddParameter): Name = "元件封装"; Value = "0402"; VariantName = "[No Variations]"
Change component parameters (AddParameter): Name = "具体类型"; Value = "贴片电阻"; VariantName = "[No Variations]"
Change component parameters (AddParameter): Name = "封装类型"; Value = "贴片"; VariantName = "[No Variations]"
Change component parameters (AddParameter): Name = "温度漂移"; Value = "50ppm"; VariantName = "[No Variations]"
Change component parameters (AddParameter): Name = "温度范围"; Value = ""; VariantName = "[No Variations]"
Change component parameters (AddParameter): Name = "生产商"; Value = "国巨"; VariantName = "[No Variations]"
Change component parameters (AddParameter): Name = "生产商零件编码"; Value = "RC0402FR-075K1L"; VariantName = "[No Variations]"
Change component parameters (AddParameter): Name = "立创编号"; Value = "C105872"; VariantName = "[No Variations]"
Change component parameters (AddParameter): Name = "类型备注"; Value = ""; VariantName = "[No Variations]"
Change component parameters: Designator = "R17" ("R17"); Footprint = "R 0402_L"; UniqueID = "\YCHZNJXN\FGNMSFHO" ("\YCHZNJXN\FGNMSFHO")
Change component parameters (AddParameter): Name = "主类型"; Value = "电阻"; VariantName = "[No Variations]"
Change component parameters (AddParameter): Name = "值/型号"; Value = "5.1K"; VariantName = "[No Variations]"
Change component parameters (AddParameter): Name = "值精度"; Value = "±1%"; VariantName = "[No Variations]"
Change component parameters (AddParameter): Name = "元件封装"; Value = "0402"; VariantName = "[No Variations]"
Change component parameters (AddParameter): Name = "具体类型"; Value = "贴片电阻"; VariantName = "[No Variations]"
Change component parameters (AddParameter): Name = "封装类型"; Value = "贴片"; VariantName = "[No Variations]"
Change component parameters (AddParameter): Name = "温度漂移"; Value = "50ppm"; VariantName = "[No Variations]"
Change component parameters (AddParameter): Name = "温度范围"; Value = ""; VariantName = "[No Variations]"
Change component parameters (AddParameter): Name = "生产商"; Value = "国巨"; VariantName = "[No Variations]"
Change component parameters (AddParameter): Name = "生产商零件编码"; Value = "RC0402FR-075K1L"; VariantName = "[No Variations]"
Change component parameters (AddParameter): Name = "立创编号"; Value = "C105872"; VariantName = "[No Variations]"
Change component parameters (AddParameter): Name = "类型备注"; Value = ""; VariantName = "[No Variations]"
Change component parameters: Designator = "R9" ("R9"); Footprint = "R 0402_L"; UniqueID = "\YCHZNJXN\ECGHUGWR" ("\YCHZNJXN\ECGHUGWR")
Change component parameters (AddParameter): Name = "主类型"; Value = "电阻"; VariantName = "[No Variations]"
Change component parameters (AddParameter): Name = "值/型号"; Value = "910"; VariantName = "[No Variations]"
Change component parameters (AddParameter): Name = "值精度"; Value = "±1%"; VariantName = "[No Variations]"
Change component parameters (AddParameter): Name = "元件封装"; Value = "0402"; VariantName = "[No Variations]"
Change component parameters (AddParameter): Name = "具体类型"; Value = "贴片电阻"; VariantName = "[No Variations]"
Change component parameters (AddParameter): Name = "封装类型"; Value = "贴片"; VariantName = "[No Variations]"
Change component parameters (AddParameter): Name = "温度漂移"; Value = "50ppm"; VariantName = "[No Variations]"
Change component parameters (AddParameter): Name = "温度范围"; Value = ""; VariantName = "[No Variations]"
Change component parameters (AddParameter): Name = "生产商"; Value = "UNI-ROYAL(厚声)"; VariantName = "[No Variations]"
Change component parameters (AddParameter): Name = "生产商零件编码"; Value = "0402WGF9100TCE"; VariantName = "[No Variations]"
Change component parameters (AddParameter): Name = "立创编号"; Value = "C44933"; VariantName = "[No Variations]"
Change component parameters (AddParameter): Name = "类型备注"; Value = ""; VariantName = "[No Variations]"
Change component parameters: Designator = "R27" ("R27"); Footprint = "R 0402_L"; UniqueID = "\WUYOINJE\XXFUSREN" ("\WUYOINJE\XXFUSREN")
Change component parameters (AddParameter): Name = "主类型"; Value = "电阻"; VariantName = "[No Variations]"
Change component parameters (AddParameter): Name = "值/型号"; Value = "910"; VariantName = "[No Variations]"
Change component parameters (AddParameter): Name = "值精度"; Value = "±1%"; VariantName = "[No Variations]"
Change component parameters (AddParameter): Name = "元件封装"; Value = "0402"; VariantName = "[No Variations]"
Change component parameters (AddParameter): Name = "具体类型"; Value = "贴片电阻"; VariantName = "[No Variations]"
Change component parameters (AddParameter): Name = "封装类型"; Value = "贴片"; VariantName = "[No Variations]"
Change component parameters (AddParameter): Name = "温度漂移"; Value = "50ppm"; VariantName = "[No Variations]"
Change component parameters (AddParameter): Name = "温度范围"; Value = ""; VariantName = "[No Variations]"
Change component parameters (AddParameter): Name = "生产商"; Value = "UNI-ROYAL(厚声)"; VariantName = "[No Variations]"
Change component parameters (AddParameter): Name = "生产商零件编码"; Value = "0402WGF9100TCE"; VariantName = "[No Variations]"
Change component parameters (AddParameter): Name = "立创编号"; Value = "C44933"; VariantName = "[No Variations]"
Change component parameters (AddParameter): Name = "类型备注"; Value = ""; VariantName = "[No Variations]"
Change component parameters: Designator = "R13" ("R13"); Footprint = "R 0402_L"; UniqueID = "\YCHZNJXN\JMTQZBLM" ("\YCHZNJXN\JMTQZBLM")
Change component parameters (AddParameter): Name = "主类型"; Value = "电阻"; VariantName = "[No Variations]"
Change component parameters (AddParameter): Name = "值/型号"; Value = "0"; VariantName = "[No Variations]"
Change component parameters (AddParameter): Name = "值精度"; Value = "±5%"; VariantName = "[No Variations]"
Change component parameters (AddParameter): Name = "元件封装"; Value = "0402"; VariantName = "[No Variations]"
Change component parameters (AddParameter): Name = "具体类型"; Value = "贴片电阻"; VariantName = "[No Variations]"
Change component parameters (AddParameter): Name = "封装类型"; Value = "贴片"; VariantName = "[No Variations]"
Change component parameters (AddParameter): Name = "温度漂移"; Value = "50ppm"; VariantName = "[No Variations]"
Change component parameters (AddParameter): Name = "温度范围"; Value = ""; VariantName = "[No Variations]"
Change component parameters (AddParameter): Name = "生产商"; Value = "国巨"; VariantName = "[No Variations]"
Change component parameters (AddParameter): Name = "生产商零件编码"; Value = "RC0402JR-070RL"; VariantName = "[No Variations]"
Change component parameters (AddParameter): Name = "立创编号"; Value = "C60485"; VariantName = "[No Variations]"
Change component parameters (AddParameter): Name = "类型备注"; Value = ""; VariantName = "[No Variations]"
Change component parameters: Designator = "R14" ("R14"); Footprint = "R 0402_L"; UniqueID = "\YCHZNJXN\GWXQNSTK" ("\YCHZNJXN\GWXQNSTK")
Change component parameters (AddParameter): Name = "主类型"; Value = "电阻"; VariantName = "[No Variations]"
Change component parameters (AddParameter): Name = "值/型号"; Value = "0"; VariantName = "[No Variations]"
Change component parameters (AddParameter): Name = "值精度"; Value = "±5%"; VariantName = "[No Variations]"
Change component parameters (AddParameter): Name = "元件封装"; Value = "0402"; VariantName = "[No Variations]"
Change component parameters (AddParameter): Name = "具体类型"; Value = "贴片电阻"; VariantName = "[No Variations]"
Change component parameters (AddParameter): Name = "封装类型"; Value = "贴片"; VariantName = "[No Variations]"
Change component parameters (AddParameter): Name = "温度漂移"; Value = "50ppm"; VariantName = "[No Variations]"
Change component parameters (AddParameter): Name = "温度范围"; Value = ""; VariantName = "[No Variations]"
Change component parameters (AddParameter): Name = "生产商"; Value = "国巨"; VariantName = "[No Variations]"
Change component parameters (AddParameter): Name = "生产商零件编码"; Value = "RC0402JR-070RL"; VariantName = "[No Variations]"
Change component parameters (AddParameter): Name = "立创编号"; Value = "C60485"; VariantName = "[No Variations]"
Change component parameters (AddParameter): Name = "类型备注"; Value = ""; VariantName = "[No Variations]"
Change component parameters: Designator = "L3" ("L3"); Footprint = "L 0805"; UniqueID = "\KFHVQNUD\JDQSBEIR" ("\KFHVQNUD\JDQSBEIR")
Change component parameters (AddParameter): Name = "主类型"; Value = "电感"; VariantName = "[No Variations]"
Change component parameters (AddParameter): Name = "值/型号"; Value = "74479777310A"; VariantName = "[No Variations]"
Change component parameters (AddParameter): Name = "值精度"; Value = ""; VariantName = "[No Variations]"
Change component parameters (AddParameter): Name = "元件封装"; Value = "0805"; VariantName = "[No Variations]"
Change component parameters (AddParameter): Name = "具体类型"; Value = "功率电感"; VariantName = "[No Variations]"
Change component parameters (AddParameter): Name = "封装类型"; Value = "贴片"; VariantName = "[No Variations]"
Change component parameters (AddParameter): Name = "温度漂移"; Value = ""; VariantName = "[No Variations]"
Change component parameters (AddParameter): Name = "温度范围"; Value = "-40-125"; VariantName = "[No Variations]"
Change component parameters (AddParameter): Name = "生产商"; Value = "WE"; VariantName = "[No Variations]"
Change component parameters (AddParameter): Name = "生产商零件编码"; Value = "74479777310A"; VariantName = "[No Variations]"
Change component parameters (AddParameter): Name = "立创编号"; Value = ""; VariantName = "[No Variations]"
Change component parameters (AddParameter): Name = "类型备注"; Value = "淘宝采购"; VariantName = "[No Variations]"
Change component parameters: Designator = "C30" ("C30"); Footprint = "C 0402_L"; UniqueID = "\TCENQYHT\URNHJFGV" ("\TCENQYHT\URNHJFGV")
Change component parameters (AddParameter): Name = "主类型"; Value = "电容"; VariantName = "[No Variations]"
Change component parameters (AddParameter): Name = "值/型号"; Value = "10nF/50V"; VariantName = "[No Variations]"
Change component parameters (AddParameter): Name = "值精度"; Value = "±5%"; VariantName = "[No Variations]"
Change component parameters (AddParameter): Name = "元件封装"; Value = "0402"; VariantName = "[No Variations]"
Change component parameters (AddParameter): Name = "具体类型"; Value = "陶瓷电容"; VariantName = "[No Variations]"
Change component parameters (AddParameter): Name = "封装类型"; Value = "贴片"; VariantName = "[No Variations]"
Change component parameters (AddParameter): Name = "温度漂移"; Value = "X7R（10%）"; VariantName = "[No Variations]"
Change component parameters (AddParameter): Name = "温度范围"; Value = "-55°C ~ 125°C"; VariantName = "[No Variations]"
Change component parameters (AddParameter): Name = "生产商"; Value = "YAGEO(国巨)"; VariantName = "[No Variations]"
Change component parameters (AddParameter): Name = "生产商零件编码"; Value = "CC0402JRX7R9BB103"; VariantName = "[No Variations]"
Change component parameters (AddParameter): Name = "立创编号"; Value = "C272878"; VariantName = "[No Variations]"
Change component parameters (AddParameter): Name = "类型备注"; Value = ""; VariantName = "[No Variations]"
Change component parameters: Designator = "C31" ("C31"); Footprint = "C 0402_L"; UniqueID = "\TCENQYHT\YJKXXEBM" ("\TCENQYHT\YJKXXEBM")
Change component parameters (AddParameter): Name = "主类型"; Value = "电容"; VariantName = "[No Variations]"
Change component parameters (AddParameter): Name = "值/型号"; Value = "0.8pF/50V"; VariantName = "[No Variations]"
Change component parameters (AddParameter): Name = "值精度"; Value = "±0.05pF"; VariantName = "[No Variations]"
Change component parameters (AddParameter): Name = "元件封装"; Value = "0402"; VariantName = "[No Variations]"
Change component parameters (AddParameter): Name = "具体类型"; Value = "陶瓷电容"; VariantName = "[No Variations]"
Change component parameters (AddParameter): Name = "封装类型"; Value = "贴片"; VariantName = "[No Variations]"
Change component parameters (AddParameter): Name = "温度漂移"; Value = "X7R（10%）"; VariantName = "[No Variations]"
Change component parameters (AddParameter): Name = "温度范围"; Value = "-55°C ~ 125°C"; VariantName = "[No Variations]"
Change component parameters (AddParameter): Name = "生产商"; Value = "muRata(村田)"; VariantName = "[No Variations]"
Change component parameters (AddParameter): Name = "生产商零件编码"; Value = "GJM1555C1HR80WB01D"; VariantName = "[No Variations]"
Change component parameters (AddParameter): Name = "立创编号"; Value = "C88902"; VariantName = "[No Variations]"
Change component parameters (AddParameter): Name = "类型备注"; Value = ""; VariantName = "[No Variations]"
Change component parameters: Designator = "C32" ("C32"); Footprint = "C 0402_L"; UniqueID = "\TCENQYHT\NKBIAJYD" ("\TCENQYHT\NKBIAJYD")
Change component parameters (AddParameter): Name = "主类型"; Value = "电容"; VariantName = "[No Variations]"
Change component parameters (AddParameter): Name = "值/型号"; Value = "0.3pF/50V"; VariantName = "[No Variations]"
Change component parameters (AddParameter): Name = "值精度"; Value = "±0.05pF"; VariantName = "[No Variations]"
Change component parameters (AddParameter): Name = "元件封装"; Value = "0402"; VariantName = "[No Variations]"
Change component parameters (AddParameter): Name = "具体类型"; Value = "陶瓷电容"; VariantName = "[No Variations]"
Change component parameters (AddParameter): Name = "封装类型"; Value = "贴片"; VariantName = "[No Variations]"
Change component parameters (AddParameter): Name = "温度漂移"; Value = "X7R（10%）"; VariantName = "[No Variations]"
Change component parameters (AddParameter): Name = "温度范围"; Value = "-55°C ~ 125°C"; VariantName = "[No Variations]"
Change component parameters (AddParameter): Name = "生产商"; Value = "muRata(村田)"; VariantName = "[No Variations]"
Change component parameters (AddParameter): Name = "生产商零件编码"; Value = "GJM1555C1HR30WB01D"; VariantName = "[No Variations]"
Change component parameters (AddParameter): Name = "立创编号"; Value = "C76909"; VariantName = "[No Variations]"
Change component parameters (AddParameter): Name = "类型备注"; Value = ""; VariantName = "[No Variations]"
Change component parameters: Designator = "C34" ("C34"); Footprint = "C 0402_L"; UniqueID = "\TCENQYHT\PCGWNKOP" ("\TCENQYHT\PCGWNKOP")
Change component parameters (AddParameter): Name = "主类型"; Value = "电容"; VariantName = "[No Variations]"
Change component parameters (AddParameter): Name = "值/型号"; Value = "1.2pF/50V"; VariantName = "[No Variations]"
Change component parameters (AddParameter): Name = "值精度"; Value = "±0.05pF"; VariantName = "[No Variations]"
Change component parameters (AddParameter): Name = "元件封装"; Value = "0402"; VariantName = "[No Variations]"
Change component parameters (AddParameter): Name = "具体类型"; Value = "陶瓷电容"; VariantName = "[No Variations]"
Change component parameters (AddParameter): Name = "封装类型"; Value = "贴片"; VariantName = "[No Variations]"
Change component parameters (AddParameter): Name = "温度漂移"; Value = "X7R（10%）"; VariantName = "[No Variations]"
Change component parameters (AddParameter): Name = "温度范围"; Value = "-55°C ~ 125°C"; VariantName = "[No Variations]"
Change component parameters (AddParameter): Name = "生产商"; Value = "muRata(村田)"; VariantName = "[No Variations]"
Change component parameters (AddParameter): Name = "生产商零件编码"; Value = "GJM1555C1H1R2WB01D"; VariantName = "[No Variations]"
Change component parameters (AddParameter): Name = "立创编号"; Value = "C76899"; VariantName = "[No Variations]"
Change component parameters (AddParameter): Name = "类型备注"; Value = ""; VariantName = "[No Variations]"
Change component parameters: Designator = "C35" ("C35"); Footprint = "C 0402_L"; UniqueID = "\TCENQYHT\ODVIUIKU" ("\TCENQYHT\ODVIUIKU")
Change component parameters (AddParameter): Name = "主类型"; Value = "电容"; VariantName = "[No Variations]"
Change component parameters (AddParameter): Name = "值/型号"; Value = "10nF/50V"; VariantName = "[No Variations]"
Change component parameters (AddParameter): Name = "值精度"; Value = "±5%"; VariantName = "[No Variations]"
Change component parameters (AddParameter): Name = "元件封装"; Value = "0402"; VariantName = "[No Variations]"
Change component parameters (AddParameter): Name = "具体类型"; Value = "陶瓷电容"; VariantName = "[No Variations]"
Change component parameters (AddParameter): Name = "封装类型"; Value = "贴片"; VariantName = "[No Variations]"
Change component parameters (AddParameter): Name = "温度漂移"; Value = "X7R（10%）"; VariantName = "[No Variations]"
Change component parameters (AddParameter): Name = "温度范围"; Value = "-55°C ~ 125°C"; VariantName = "[No Variations]"
Change component parameters (AddParameter): Name = "生产商"; Value = "YAGEO(国巨)"; VariantName = "[No Variations]"
Change component parameters (AddParameter): Name = "生产商零件编码"; Value = "CC0402JRX7R9BB103"; VariantName = "[No Variations]"
Change component parameters (AddParameter): Name = "立创编号"; Value = "C272878"; VariantName = "[No Variations]"
Change component parameters (AddParameter): Name = "类型备注"; Value = ""; VariantName = "[No Variations]"
Change component parameters: Designator = "X1" ("X1"); Footprint = "OSC 1612-4P"; UniqueID = "\YCHZNJXN\IFQJRJUN" ("\YCHZNJXN\IFQJRJUN")
Change component parameters (AddParameter): Name = "主类型"; Value = "晶振"; VariantName = "[No Variations]"
Change component parameters (AddParameter): Name = "值/型号"; Value = "32M"; VariantName = "[No Variations]"
Change component parameters (AddParameter): Name = "值精度"; Value = "9PPM"; VariantName = "[No Variations]"
Change component parameters (AddParameter): Name = "元件封装"; Value = "1612"; VariantName = "[No Variations]"
Change component parameters (AddParameter): Name = "具体类型"; Value = "无源晶振"; VariantName = "[No Variations]"
Change component parameters (AddParameter): Name = "封装类型"; Value = "贴片"; VariantName = "[No Variations]"
Change component parameters (AddParameter): Name = "温度漂移"; Value = ""; VariantName = "[No Variations]"
Change component parameters (AddParameter): Name = "温度范围"; Value = "-40℃~85℃"; VariantName = "[No Variations]"
Change component parameters (AddParameter): Name = "生产商"; Value = "EPSON(爱普生)"; VariantName = "[No Variations]"
Change component parameters (AddParameter): Name = "生产商零件编码"; Value = "X1E0002510050"; VariantName = "[No Variations]"
Change component parameters (AddParameter): Name = "立创编号"; Value = "C255987"; VariantName = "[No Variations]"
Change component parameters (AddParameter): Name = "类型备注"; Value = ""; VariantName = "[No Variations]"
Change component parameters: Designator = "L4" ("L4"); Footprint = "L 0402"; UniqueID = "\TCENQYHT\MGTHTCFL" ("\TCENQYHT\MGTHTCFL")
Change component parameters (AddParameter): Name = "主类型"; Value = "电感"; VariantName = "[No Variations]"
Change component parameters (AddParameter): Name = "值/型号"; Value = "LQG15HS2N7S02"; VariantName = "[No Variations]"
Change component parameters (AddParameter): Name = "值精度"; Value = ""; VariantName = "[No Variations]"
Change component parameters (AddParameter): Name = "元件封装"; Value = "0402"; VariantName = "[No Variations]"
Change component parameters (AddParameter): Name = "具体类型"; Value = "贴片电感"; VariantName = "[No Variations]"
Change component parameters (AddParameter): Name = "封装类型"; Value = "贴片"; VariantName = "[No Variations]"
Change component parameters (AddParameter): Name = "温度漂移"; Value = ""; VariantName = "[No Variations]"
Change component parameters (AddParameter): Name = "温度范围"; Value = "-40-125"; VariantName = "[No Variations]"
Change component parameters (AddParameter): Name = "生产商"; Value = "muRata(村田)"; VariantName = "[No Variations]"
Change component parameters (AddParameter): Name = "生产商零件编码"; Value = "LQG15HS2N7S02D"; VariantName = "[No Variations]"
Change component parameters (AddParameter): Name = "立创编号"; Value = "C77108"; VariantName = "[No Variations]"
Change component parameters (AddParameter): Name = "类型备注"; Value = ""; VariantName = "[No Variations]"
Change component parameters: Designator = "L5" ("L5"); Footprint = "L 0402"; UniqueID = "\TCENQYHT\NBEJRAOH" ("\TCENQYHT\NBEJRAOH")
Change component parameters (AddParameter): Name = "主类型"; Value = "电感"; VariantName = "[No Variations]"
Change component parameters (AddParameter): Name = "值/型号"; Value = "LQG15HS3N6S02"; VariantName = "[No Variations]"
Change component parameters (AddParameter): Name = "值精度"; Value = ""; VariantName = "[No Variations]"
Change component parameters (AddParameter): Name = "元件封装"; Value = "0402"; VariantName = "[No Variations]"
Change component parameters (AddParameter): Name = "具体类型"; Value = "贴片电感"; VariantName = "[No Variations]"
Change component parameters (AddParameter): Name = "封装类型"; Value = "贴片"; VariantName = "[No Variations]"
Change component parameters (AddParameter): Name = "温度漂移"; Value = ""; VariantName = "[No Variations]"
Change component parameters (AddParameter): Name = "温度范围"; Value = "-40-125"; VariantName = "[No Variations]"
Change component parameters (AddParameter): Name = "生产商"; Value = "muRata(村田)"; VariantName = "[No Variations]"
Change component parameters (AddParameter): Name = "生产商零件编码"; Value = "LQG15HS3N6S02D"; VariantName = "[No Variations]"
Change component parameters (AddParameter): Name = "立创编号"; Value = "C19216"; VariantName = "[No Variations]"
Change component parameters (AddParameter): Name = "类型备注"; Value = ""; VariantName = "[No Variations]"
Change component parameters: Designator = "FLT1" ("FLT1"); Footprint = "LFB182G45CGFD436"; UniqueID = "\TCENQYHT\IMKISBPJ" ("\TCENQYHT\IMKISBPJ")
Change component parameters (AddParameter): Name = "主类型"; Value = "电感"; VariantName = "[No Variations]"
Change component parameters (AddParameter): Name = "值/型号"; Value = "LFB182G45CGFD436"; VariantName = "[No Variations]"
Change component parameters (AddParameter): Name = "值精度"; Value = ""; VariantName = "[No Variations]"
Change component parameters (AddParameter): Name = "元件封装"; Value = "0603"; VariantName = "[No Variations]"
Change component parameters (AddParameter): Name = "具体类型"; Value = "滤波电感"; VariantName = "[No Variations]"
Change component parameters (AddParameter): Name = "封装类型"; Value = "贴片"; VariantName = "[No Variations]"
Change component parameters (AddParameter): Name = "温度漂移"; Value = ""; VariantName = "[No Variations]"
Change component parameters (AddParameter): Name = "温度范围"; Value = ""; VariantName = "[No Variations]"
Change component parameters (AddParameter): Name = "生产商"; Value = "muRata(村田)"; VariantName = "[No Variations]"
Change component parameters (AddParameter): Name = "生产商零件编码"; Value = "LFB182G45CGFD436"; VariantName = "[No Variations]"
Change component parameters (AddParameter): Name = "立创编号"; Value = ""; VariantName = "[No Variations]"
Change component parameters (AddParameter): Name = "类型备注"; Value = ""; VariantName = "[No Variations]"
Change component parameters: Designator = "R2" ("R2"); Footprint = "R 0603_L"; UniqueID = "\KFHVQNUD\AVJYUWOO" ("\KFHVQNUD\AVJYUWOO")
Change component parameters (AddParameter): Name = "主类型"; Value = "电阻"; VariantName = "[No Variations]"
Change component parameters (AddParameter): Name = "值/型号"; Value = "0"; VariantName = "[No Variations]"
Change component parameters (AddParameter): Name = "值精度"; Value = "±5%"; VariantName = "[No Variations]"
Change component parameters (AddParameter): Name = "元件封装"; Value = "0603"; VariantName = "[No Variations]"
Change component parameters (AddParameter): Name = "具体类型"; Value = "贴片电阻"; VariantName = "[No Variations]"
Change component parameters (AddParameter): Name = "封装类型"; Value = "贴片"; VariantName = "[No Variations]"
Change component parameters (AddParameter): Name = "温度漂移"; Value = "-200ppm/℃~400ppm/℃"; VariantName = "[No Variations]"
Change component parameters (AddParameter): Name = "温度范围"; Value = ""; VariantName = "[No Variations]"
Change component parameters (AddParameter): Name = "生产商"; Value = "华新科(Walsin)"; VariantName = "[No Variations]"
Change component parameters (AddParameter): Name = "生产商零件编码"; Value = "WR06X000PTL"; VariantName = "[No Variations]"
Change component parameters (AddParameter): Name = "立创编号"; Value = "C132607"; VariantName = "[No Variations]"
Change component parameters (AddParameter): Name = "类型备注"; Value = ""; VariantName = "[No Variations]"
Change component parameters: Designator = "R30" ("R30"); Footprint = "R 0402_L"; UniqueID = "\WUYOINJE\VUBNVSIZ" ("\WUYOINJE\VUBNVSIZ")
Change component parameters (AddParameter): Name = "主类型"; Value = "电阻"; VariantName = "[No Variations]"
Change component parameters (AddParameter): Name = "值/型号"; Value = "1.5K"; VariantName = "[No Variations]"
Change component parameters (AddParameter): Name = "值精度"; Value = "±1%"; VariantName = "[No Variations]"
Change component parameters (AddParameter): Name = "元件封装"; Value = "0402"; VariantName = "[No Variations]"
Change component parameters (AddParameter): Name = "具体类型"; Value = "贴片电阻"; VariantName = "[No Variations]"
Change component parameters (AddParameter): Name = "封装类型"; Value = "贴片"; VariantName = "[No Variations]"
Change component parameters (AddParameter): Name = "温度漂移"; Value = ""; VariantName = "[No Variations]"
Change component parameters (AddParameter): Name = "温度范围"; Value = ""; VariantName = "[No Variations]"
Change component parameters (AddParameter): Name = "生产商"; Value = "YAGEO(国巨)"; VariantName = "[No Variations]"
Change component parameters (AddParameter): Name = "生产商零件编码"; Value = "RC0402FR-071K5L"; VariantName = "[No Variations]"
Change component parameters (AddParameter): Name = "立创编号"; Value = "C114759"; VariantName = "[No Variations]"
Change component parameters (AddParameter): Name = "类型备注"; Value = ""; VariantName = "[No Variations]"
Change component parameters: Designator = "R3" ("R3"); Footprint = "R 0402_L"; UniqueID = "\YCHZNJXN\NZUUNSKB" ("\YCHZNJXN\NZUUNSKB")
Change component parameters (AddParameter): Name = "主类型"; Value = "电阻"; VariantName = "[No Variations]"
Change component parameters (AddParameter): Name = "值/型号"; Value = "10K"; VariantName = "[No Variations]"
Change component parameters (AddParameter): Name = "值精度"; Value = "1%"; VariantName = "[No Variations]"
Change component parameters (AddParameter): Name = "元件封装"; Value = "贴片"; VariantName = "[No Variations]"
Change component parameters (AddParameter): Name = "具体类型"; Value = "贴片电阻"; VariantName = "[No Variations]"
Change component parameters (AddParameter): Name = "封装类型"; Value = "贴片"; VariantName = "[No Variations]"
Change component parameters (AddParameter): Name = "温度漂移"; Value = "±100ppm/℃"; VariantName = "[No Variations]"
Change component parameters (AddParameter): Name = "温度范围"; Value = ""; VariantName = "[No Variations]"
Change component parameters (AddParameter): Name = "生产商"; Value = "?YAGEO（国巨）"; VariantName = "[No Variations]"
Change component parameters (AddParameter): Name = "生产商零件编码"; Value = "RC0402FR-0710KL"; VariantName = "[No Variations]"
Change component parameters (AddParameter): Name = "立创编号"; Value = "C60490"; VariantName = "[No Variations]"
Change component parameters (AddParameter): Name = "类型备注"; Value = ""; VariantName = "[No Variations]"
Change component parameters: Designator = "R4" ("R4"); Footprint = "R 0402_L"; UniqueID = "\YCHZNJXN\NGZHDVPW" ("\YCHZNJXN\NGZHDVPW")
Change component parameters (AddParameter): Name = "主类型"; Value = "电阻"; VariantName = "[No Variations]"
Change component parameters (AddParameter): Name = "值/型号"; Value = "10K"; VariantName = "[No Variations]"
Change component parameters (AddParameter): Name = "值精度"; Value = "1%"; VariantName = "[No Variations]"
Change component parameters (AddParameter): Name = "元件封装"; Value = "贴片"; VariantName = "[No Variations]"
Change component parameters (AddParameter): Name = "具体类型"; Value = "贴片电阻"; VariantName = "[No Variations]"
Change component parameters (AddParameter): Name = "封装类型"; Value = "贴片"; VariantName = "[No Variations]"
Change component parameters (AddParameter): Name = "温度漂移"; Value = "±100ppm/℃"; VariantName = "[No Variations]"
Change component parameters (AddParameter): Name = "温度范围"; Value = ""; VariantName = "[No Variations]"
Change component parameters (AddParameter): Name = "生产商"; Value = "?YAGEO（国巨）"; VariantName = "[No Variations]"
Change component parameters (AddParameter): Name = "生产商零件编码"; Value = "RC0402FR-0710KL"; VariantName = "[No Variations]"
Change component parameters (AddParameter): Name = "立创编号"; Value = "C60490"; VariantName = "[No Variations]"
Change component parameters (AddParameter): Name = "类型备注"; Value = ""; VariantName = "[No Variations]"
Change component parameters: Designator = "R7" ("R7"); Footprint = "R 0402_L"; UniqueID = "\YCHZNJXN\ULAJKHXX" ("\YCHZNJXN\ULAJKHXX")
Change component parameters (AddParameter): Name = "主类型"; Value = "电阻"; VariantName = "[No Variations]"
Change component parameters (AddParameter): Name = "值/型号"; Value = "10K"; VariantName = "[No Variations]"
Change component parameters (AddParameter): Name = "值精度"; Value = "1%"; VariantName = "[No Variations]"
Change component parameters (AddParameter): Name = "元件封装"; Value = "贴片"; VariantName = "[No Variations]"
Change component parameters (AddParameter): Name = "具体类型"; Value = "贴片电阻"; VariantName = "[No Variations]"
Change component parameters (AddParameter): Name = "封装类型"; Value = "贴片"; VariantName = "[No Variations]"
Change component parameters (AddParameter): Name = "温度漂移"; Value = "±100ppm/℃"; VariantName = "[No Variations]"
Change component parameters (AddParameter): Name = "温度范围"; Value = ""; VariantName = "[No Variations]"
Change component parameters (AddParameter): Name = "生产商"; Value = "?YAGEO（国巨）"; VariantName = "[No Variations]"
Change component parameters (AddParameter): Name = "生产商零件编码"; Value = "RC0402FR-0710KL"; VariantName = "[No Variations]"
Change component parameters (AddParameter): Name = "立创编号"; Value = "C60490"; VariantName = "[No Variations]"
Change component parameters (AddParameter): Name = "类型备注"; Value = ""; VariantName = "[No Variations]"
Change component parameters: Designator = "R15" ("R15"); Footprint = "R 0402_L"; UniqueID = "\WUYOINJE\QJPXXAEX" ("\WUYOINJE\QJPXXAEX")
Change component parameters (AddParameter): Name = "主类型"; Value = "电阻"; VariantName = "[No Variations]"
Change component parameters (AddParameter): Name = "值/型号"; Value = "10K"; VariantName = "[No Variations]"
Change component parameters (AddParameter): Name = "值精度"; Value = "±1%"; VariantName = "[No Variations]"
Change component parameters (AddParameter): Name = "元件封装"; Value = "0402"; VariantName = "[No Variations]"
Change component parameters (AddParameter): Name = "具体类型"; Value = "贴片电阻"; VariantName = "[No Variations]"
Change component parameters (AddParameter): Name = "封装类型"; Value = "贴片"; VariantName = "[No Variations]"
Change component parameters (AddParameter): Name = "温度漂移"; Value = "±100ppm/℃"; VariantName = "[No Variations]"
Change component parameters (AddParameter): Name = "温度范围"; Value = ""; VariantName = "[No Variations]"
Change component parameters (AddParameter): Name = "生产商"; Value = "?YAGEO（国巨）"; VariantName = "[No Variations]"
Change component parameters (AddParameter): Name = "生产商零件编码"; Value = "RC0402FR-0710KL"; VariantName = "[No Variations]"
Change component parameters (AddParameter): Name = "立创编号"; Value = "C60490"; VariantName = "[No Variations]"
Change component parameters (AddParameter): Name = "类型备注"; Value = ""; VariantName = "[No Variations]"
Change component parameters: Designator = "R18" ("R18"); Footprint = "R 0402_L"; UniqueID = "\WUYOINJE\UEJIAAJO" ("\WUYOINJE\UEJIAAJO")
Change component parameters (AddParameter): Name = "主类型"; Value = "电阻"; VariantName = "[No Variations]"
Change component parameters (AddParameter): Name = "值/型号"; Value = "10K"; VariantName = "[No Variations]"
Change component parameters (AddParameter): Name = "值精度"; Value = "±1%"; VariantName = "[No Variations]"
Change component parameters (AddParameter): Name = "元件封装"; Value = "0402"; VariantName = "[No Variations]"
Change component parameters (AddParameter): Name = "具体类型"; Value = "贴片电阻"; VariantName = "[No Variations]"
Change component parameters (AddParameter): Name = "封装类型"; Value = "贴片"; VariantName = "[No Variations]"
Change component parameters (AddParameter): Name = "温度漂移"; Value = "±100ppm/℃"; VariantName = "[No Variations]"
Change component parameters (AddParameter): Name = "温度范围"; Value = ""; VariantName = "[No Variations]"
Change component parameters (AddParameter): Name = "生产商"; Value = "?YAGEO（国巨）"; VariantName = "[No Variations]"
Change component parameters (AddParameter): Name = "生产商零件编码"; Value = "RC0402FR-0710KL"; VariantName = "[No Variations]"
Change component parameters (AddParameter): Name = "立创编号"; Value = "C60490"; VariantName = "[No Variations]"
Change component parameters (AddParameter): Name = "类型备注"; Value = ""; VariantName = "[No Variations]"
Change component parameters: Designator = "R20" ("R20"); Footprint = "R 0402_L"; UniqueID = "\WUYOINJE\XEAMSFOD" ("\WUYOINJE\XEAMSFOD")
Change component parameters (AddParameter): Name = "主类型"; Value = "电阻"; VariantName = "[No Variations]"
Change component parameters (AddParameter): Name = "值/型号"; Value = "10K"; VariantName = "[No Variations]"
Change component parameters (AddParameter): Name = "值精度"; Value = "±1%"; VariantName = "[No Variations]"
Change component parameters (AddParameter): Name = "元件封装"; Value = "0402"; VariantName = "[No Variations]"
Change component parameters (AddParameter): Name = "具体类型"; Value = "贴片电阻"; VariantName = "[No Variations]"
Change component parameters (AddParameter): Name = "封装类型"; Value = "贴片"; VariantName = "[No Variations]"
Change component parameters (AddParameter): Name = "温度漂移"; Value = "±100ppm/℃"; VariantName = "[No Variations]"
Change component parameters (AddParameter): Name = "温度范围"; Value = ""; VariantName = "[No Variations]"
Change component parameters (AddParameter): Name = "生产商"; Value = "?YAGEO（国巨）"; VariantName = "[No Variations]"
Change component parameters (AddParameter): Name = "生产商零件编码"; Value = "RC0402FR-0710KL"; VariantName = "[No Variations]"
Change component parameters (AddParameter): Name = "立创编号"; Value = "C60490"; VariantName = "[No Variations]"
Change component parameters (AddParameter): Name = "类型备注"; Value = ""; VariantName = "[No Variations]"
Change component parameters: Designator = "R21" ("R21"); Footprint = "R 0402_L"; UniqueID = "\WUYOINJE\XPXEMJAP" ("\WUYOINJE\XPXEMJAP")
Change component parameters (AddParameter): Name = "主类型"; Value = "电阻"; VariantName = "[No Variations]"
Change component parameters (AddParameter): Name = "值/型号"; Value = "10K"; VariantName = "[No Variations]"
Change component parameters (AddParameter): Name = "值精度"; Value = "±1%"; VariantName = "[No Variations]"
Change component parameters (AddParameter): Name = "元件封装"; Value = "0402"; VariantName = "[No Variations]"
Change component parameters (AddParameter): Name = "具体类型"; Value = "贴片电阻"; VariantName = "[No Variations]"
Change component parameters (AddParameter): Name = "封装类型"; Value = "贴片"; VariantName = "[No Variations]"
Change component parameters (AddParameter): Name = "温度漂移"; Value = "±100ppm/℃"; VariantName = "[No Variations]"
Change component parameters (AddParameter): Name = "温度范围"; Value = ""; VariantName = "[No Variations]"
Change component parameters (AddParameter): Name = "生产商"; Value = "?YAGEO（国巨）"; VariantName = "[No Variations]"
Change component parameters (AddParameter): Name = "生产商零件编码"; Value = "RC0402FR-0710KL"; VariantName = "[No Variations]"
Change component parameters (AddParameter): Name = "立创编号"; Value = "C60490"; VariantName = "[No Variations]"
Change component parameters (AddParameter): Name = "类型备注"; Value = ""; VariantName = "[No Variations]"
Change component parameters: Designator = "R24" ("R24"); Footprint = "R 0402_L"; UniqueID = "\WUYOINJE\AALTLJAH" ("\WUYOINJE\AALTLJAH")
Change component parameters (AddParameter): Name = "主类型"; Value = "电阻"; VariantName = "[No Variations]"
Change component parameters (AddParameter): Name = "值/型号"; Value = "10K"; VariantName = "[No Variations]"
Change component parameters (AddParameter): Name = "值精度"; Value = "±1%"; VariantName = "[No Variations]"
Change component parameters (AddParameter): Name = "元件封装"; Value = "0402"; VariantName = "[No Variations]"
Change component parameters (AddParameter): Name = "具体类型"; Value = "贴片电阻"; VariantName = "[No Variations]"
Change component parameters (AddParameter): Name = "封装类型"; Value = "贴片"; VariantName = "[No Variations]"
Change component parameters (AddParameter): Name = "温度漂移"; Value = "±100ppm/℃"; VariantName = "[No Variations]"
Change component parameters (AddParameter): Name = "温度范围"; Value = ""; VariantName = "[No Variations]"
Change component parameters (AddParameter): Name = "生产商"; Value = "?YAGEO（国巨）"; VariantName = "[No Variations]"
Change component parameters (AddParameter): Name = "生产商零件编码"; Value = "RC0402FR-0710KL"; VariantName = "[No Variations]"
Change component parameters (AddParameter): Name = "立创编号"; Value = "C60490"; VariantName = "[No Variations]"
Change component parameters (AddParameter): Name = "类型备注"; Value = ""; VariantName = "[No Variations]"
Change component parameters: Designator = "R25" ("R25"); Footprint = "R 0402_L"; UniqueID = "\WUYOINJE\QHITUEMG" ("\WUYOINJE\QHITUEMG")
Change component parameters (AddParameter): Name = "主类型"; Value = "电阻"; VariantName = "[No Variations]"
Change component parameters (AddParameter): Name = "值/型号"; Value = "10K"; VariantName = "[No Variations]"
Change component parameters (AddParameter): Name = "值精度"; Value = "±1%"; VariantName = "[No Variations]"
Change component parameters (AddParameter): Name = "元件封装"; Value = "0402"; VariantName = "[No Variations]"
Change component parameters (AddParameter): Name = "具体类型"; Value = "贴片电阻"; VariantName = "[No Variations]"
Change component parameters (AddParameter): Name = "封装类型"; Value = "贴片"; VariantName = "[No Variations]"
Change component parameters (AddParameter): Name = "温度漂移"; Value = "±100ppm/℃"; VariantName = "[No Variations]"
Change component parameters (AddParameter): Name = "温度范围"; Value = ""; VariantName = "[No Variations]"
Change component parameters (AddParameter): Name = "生产商"; Value = "?YAGEO（国巨）"; VariantName = "[No Variations]"
Change component parameters (AddParameter): Name = "生产商零件编码"; Value = "RC0402FR-0710KL"; VariantName = "[No Variations]"
Change component parameters (AddParameter): Name = "立创编号"; Value = "C60490"; VariantName = "[No Variations]"
Change component parameters (AddParameter): Name = "类型备注"; Value = ""; VariantName = "[No Variations]"
Change component parameters: Designator = "R26" ("R26"); Footprint = "R 0402_L"; UniqueID = "\WUYOINJE\LDVRNKZF" ("\WUYOINJE\LDVRNKZF")
Change component parameters (AddParameter): Name = "主类型"; Value = "电阻"; VariantName = "[No Variations]"
Change component parameters (AddParameter): Name = "值/型号"; Value = "10K"; VariantName = "[No Variations]"
Change component parameters (AddParameter): Name = "值精度"; Value = "±1%"; VariantName = "[No Variations]"
Change component parameters (AddParameter): Name = "元件封装"; Value = "0402"; VariantName = "[No Variations]"
Change component parameters (AddParameter): Name = "具体类型"; Value = "贴片电阻"; VariantName = "[No Variations]"
Change component parameters (AddParameter): Name = "封装类型"; Value = "贴片"; VariantName = "[No Variations]"
Change component parameters (AddParameter): Name = "温度漂移"; Value = "±100ppm/℃"; VariantName = "[No Variations]"
Change component parameters (AddParameter): Name = "温度范围"; Value = ""; VariantName = "[No Variations]"
Change component parameters (AddParameter): Name = "生产商"; Value = "?YAGEO（国巨）"; VariantName = "[No Variations]"
Change component parameters (AddParameter): Name = "生产商零件编码"; Value = "RC0402FR-0710KL"; VariantName = "[No Variations]"
Change component parameters (AddParameter): Name = "立创编号"; Value = "C60490"; VariantName = "[No Variations]"
Change component parameters (AddParameter): Name = "类型备注"; Value = ""; VariantName = "[No Variations]"
Change component parameters: Designator = "R31" ("R31"); Footprint = "R 0402_L"; UniqueID = "\WUYOINJE\XMAMPEMB" ("\WUYOINJE\XMAMPEMB")
Change component parameters (AddParameter): Name = "主类型"; Value = "电阻"; VariantName = "[No Variations]"
Change component parameters (AddParameter): Name = "值/型号"; Value = "10K"; VariantName = "[No Variations]"
Change component parameters (AddParameter): Name = "值精度"; Value = "±1%"; VariantName = "[No Variations]"
Change component parameters (AddParameter): Name = "元件封装"; Value = "0402"; VariantName = "[No Variations]"
Change component parameters (AddParameter): Name = "具体类型"; Value = "贴片电阻"; VariantName = "[No Variations]"
Change component parameters (AddParameter): Name = "封装类型"; Value = "贴片"; VariantName = "[No Variations]"
Change component parameters (AddParameter): Name = "温度漂移"; Value = "±100ppm/℃"; VariantName = "[No Variations]"
Change component parameters (AddParameter): Name = "温度范围"; Value = ""; VariantName = "[No Variations]"
Change component parameters (AddParameter): Name = "生产商"; Value = "?YAGEO（国巨）"; VariantName = "[No Variations]"
Change component parameters (AddParameter): Name = "生产商零件编码"; Value = "RC0402FR-0710KL"; VariantName = "[No Variations]"
Change component parameters (AddParameter): Name = "立创编号"; Value = "C60490"; VariantName = "[No Variations]"
Change component parameters (AddParameter): Name = "类型备注"; Value = ""; VariantName = "[No Variations]"
Change component parameters: Designator = "R32" ("R32"); Footprint = "R 0402_L"; UniqueID = "\WUYOINJE\JBOSZOQW" ("\WUYOINJE\JBOSZOQW")
Change component parameters (AddParameter): Name = "主类型"; Value = "电阻"; VariantName = "[No Variations]"
Change component parameters (AddParameter): Name = "值/型号"; Value = "10K"; VariantName = "[No Variations]"
Change component parameters (AddParameter): Name = "值精度"; Value = "±1%"; VariantName = "[No Variations]"
Change component parameters (AddParameter): Name = "元件封装"; Value = "0402"; VariantName = "[No Variations]"
Change component parameters (AddParameter): Name = "具体类型"; Value = "贴片电阻"; VariantName = "[No Variations]"
Change component parameters (AddParameter): Name = "封装类型"; Value = "贴片"; VariantName = "[No Variations]"
Change component parameters (AddParameter): Name = "温度漂移"; Value = "±100ppm/℃"; VariantName = "[No Variations]"
Change component parameters (AddParameter): Name = "温度范围"; Value = ""; VariantName = "[No Variations]"
Change component parameters (AddParameter): Name = "生产商"; Value = "?YAGEO（国巨）"; VariantName = "[No Variations]"
Change component parameters (AddParameter): Name = "生产商零件编码"; Value = "RC0402FR-0710KL"; VariantName = "[No Variations]"
Change component parameters (AddParameter): Name = "立创编号"; Value = "C60490"; VariantName = "[No Variations]"
Change component parameters (AddParameter): Name = "类型备注"; Value = ""; VariantName = "[No Variations]"
Change component parameters: Designator = "R33" ("R33"); Footprint = "R 0402_L"; UniqueID = "\WUYOINJE\ADRYJOFT" ("\WUYOINJE\ADRYJOFT")
Change component parameters (AddParameter): Name = "主类型"; Value = "电阻"; VariantName = "[No Variations]"
Change component parameters (AddParameter): Name = "值/型号"; Value = "10K"; VariantName = "[No Variations]"
Change component parameters (AddParameter): Name = "值精度"; Value = "±1%"; VariantName = "[No Variations]"
Change component parameters (AddParameter): Name = "元件封装"; Value = "0402"; VariantName = "[No Variations]"
Change component parameters (AddParameter): Name = "具体类型"; Value = "贴片电阻"; VariantName = "[No Variations]"
Change component parameters (AddParameter): Name = "封装类型"; Value = "贴片"; VariantName = "[No Variations]"
Change component parameters (AddParameter): Name = "温度漂移"; Value = "±100ppm/℃"; VariantName = "[No Variations]"
Change component parameters (AddParameter): Name = "温度范围"; Value = ""; VariantName = "[No Variations]"
Change component parameters (AddParameter): Name = "生产商"; Value = "?YAGEO（国巨）"; VariantName = "[No Variations]"
Change component parameters (AddParameter): Name = "生产商零件编码"; Value = "RC0402FR-0710KL"; VariantName = "[No Variations]"
Change component parameters (AddParameter): Name = "立创编号"; Value = "C60490"; VariantName = "[No Variations]"
Change component parameters (AddParameter): Name = "类型备注"; Value = ""; VariantName = "[No Variations]"
Added Pin To Net: NetName=GPIO_PC5 Pin=R9-1
Added Pin To Net: NetName=NetLED1_2 Pin=R9-2
Added Pin To Net: NetName=GPIO_PC4 Pin=R10-1
Added Pin To Net: NetName=NetLED2_2 Pin=R10-2
Added Pin To Net: NetName=ST_RX Pin=R19-1
Added Pin To Net: NetName=ST_RX Pin=U4-31
Added Pin To Net: NetName=ST_TX Pin=R8-1
Added Pin To Net: NetName=ST_TX Pin=R13-1
Added Pin To Net: NetName=ST_TX Pin=U4-30
Added Net: Name=ST_TX
