Removed Pin From Net: NetName=GPIO_PC13 Pin=U2-2
Removed Pin From Net: NetName=OSC32_IN Pin=U2-3
Removed Pin From Net: NetName=OSC32_OUT Pin=U2-4
Removed Pin From Net: NetName=MCU-BOOT0 Pin=U2-5
Removed Pin From Net: NetName=QSPI_IO1 Pin=U2-6
Removed Pin From Net: NetName=QSPI_IO0 Pin=U2-7
Removed Pin From Net: NetName=MCU-NRST Pin=U2-8
Removed Pin From Net: NetName=GPIO_PC0 Pin=U2-9
Removed Pin From Net: NetName=GPIO_PC1 Pin=U2-10
Removed Pin From Net: NetName=GPIO_PC2 Pin=U2-11
Removed Pin From Net: NetName=GPIO_PC3 Pin=U2-12
Removed Pin From Net: NetName=GPIO_PA0 Pin=U2-15
Removed Pin From Net: NetName=GPIO_PA1 Pin=U2-16
Removed Pin From Net: NetName=GPIO_PA2 Pin=U2-17
Removed Pin From Net: NetName=GPIO_PA3 Pin=U2-18
Removed Pin From Net: NetName=GPIO_PA4 Pin=U2-19
Removed Pin From Net: NetName=GPIO_PA5 Pin=U2-20
Removed Pin From Net: NetName=QSPI_IO3 Pin=U2-21
Removed Pin From Net: NetName=QSPI_IO2 Pin=U2-22
Removed Pin From Net: NetName=GPIO_PA8 Pin=U2-23
Removed Pin From Net: NetName=GPIO_PA9 Pin=U2-24
Removed Pin From Net: NetName=GPIO_PC4 Pin=U2-25
Removed Pin From Net: NetName=GPIO_PC5 Pin=U2-26
Removed Pin From Net: NetName=GPIO_PB2 Pin=U2-27
Removed Pin From Net: NetName=QSPI_CLK Pin=U2-28
Removed Pin From Net: NetName=QSPI_CS Pin=U2-29
Removed Pin From Net: NetName=RF1 Pin=U2-31
Removed Pin From Net: NetName=OSC_OUT Pin=U2-34
Removed Pin From Net: NetName=OSC_IN Pin=U2-35
Removed Pin From Net: NetName=NetTP1_1 Pin=U2-36
Removed Pin From Net: NetName=NetTP2_1 Pin=U2-37
Removed Pin From Net: NetName=GPIO_PB0 Pin=U2-38
Removed Pin From Net: NetName=GPIO_PB1 Pin=U2-39
Removed Pin From Net: NetName=GPIO_PE0 Pin=U2-40
Removed Pin From Net: NetName=GPIO_PB12 Pin=U2-46
Removed Pin From Net: NetName=GPIO_PB13 Pin=U2-47
Removed Pin From Net: NetName=GPIO_PB14 Pin=U2-48
Removed Pin From Net: NetName=GPIO_PB15 Pin=U2-49
Removed Pin From Net: NetName=GPIO_PC6 Pin=U2-50
Removed Pin From Net: NetName=GPIO_PA10 Pin=U2-51
Removed Pin From Net: NetName=USB_P Pin=U2-53
Removed Pin From Net: NetName=JTMS Pin=U2-54
Removed Pin From Net: NetName=JTCK Pin=U2-56
Removed Pin From Net: NetName=GPIO_PA15 Pin=U2-57
Removed Pin From Net: NetName=GPIO_PC10 Pin=U2-58
Removed Pin From Net: NetName=GPIO_PC11 Pin=U2-59
Removed Pin From Net: NetName=GPIO_PC12 Pin=U2-60
Removed Pin From Net: NetName=GPIO_PD0 Pin=U2-61
Removed Pin From Net: NetName=GPIO_PD1 Pin=U2-62
Removed Pin From Net: NetName=GPIO_PB3 Pin=U2-63
Removed Pin From Net: NetName=GPIO_PB4 Pin=U2-64
Removed Pin From Net: NetName=GPIO_PB5 Pin=U2-65
Removed Pin From Net: NetName=GPIO_PB6 Pin=U2-66
Removed Pin From Net: NetName=GPIO_PB7 Pin=U2-67
Removed Pin From Net: NetName=GND Pin=U2-69
